#0 building with "default" instance using docker driver

#1 [internal] load build definition from Dockerfile.blackwell-final
#1 transferring dockerfile: 1.11kB done
#1 DONE 0.0s

#2 [internal] load metadata for docker.io/nvidia/cuda:12.8.0-cudnn-devel-ubuntu22.04
#2 DONE 0.6s

#3 [internal] load .dockerignore
#3 transferring context: 2B done
#3 DONE 0.0s

#4 [1/6] FROM docker.io/nvidia/cuda:12.8.0-cudnn-devel-ubuntu22.04@sha256:c900a2ac7f3d860c854f7364eadfe32b8cd33933a838f96b71e9bb6525f77a8c
#4 DONE 0.0s

#5 [2/6] RUN apt-get update && apt-get install -y --no-install-recommends     python3 python3-pip python3-dev git build-essential ca-certificates wget curl &&     rm -rf /var/lib/apt/lists/*
#5 CACHED

#6 [3/6] RUN pip3 install --upgrade pip &&     pip3 install --pre torch torchvision torchaudio       --index-url https://download.pytorch.org/whl/nightly/cu128
#6 CACHED

#7 [4/6] RUN pip3 install "sglang[all]"
#7 CACHED

#8 [5/6] RUN pip3 install --no-cache-dir   https://github.com/sgl-project/whl/releases/download/v0.3.9.post2/sgl_kernel-0.3.9.post2%2Bcu128-cp310-abi3-manylinux2014_x86_64.whl
#8 0.285 Collecting sgl-kernel==0.3.9.post2+cu128
#8 0.753   Downloading https://github.com/sgl-project/whl/releases/download/v0.3.9.post2/sgl_kernel-0.3.9.post2%2Bcu128-cp310-abi3-manylinux2014_x86_64.whl (367.6 MB)
#8 49.05      ━━━━━━━━━━━━━━━━━━━━━━━━━━━━━━━━━━━━━━━━ 367.6/367.6 MB 7.9 MB/s  0:00:48
#8 49.47 WARNING: Running pip as the 'root' user can result in broken permissions and conflicting behaviour with the system package manager, possibly rendering your system unusable. It is recommended to use a virtual environment instead: https://pip.pypa.io/warnings/venv. Use the --root-user-action option if you know what you are doing and want to suppress this warning.
#8 DONE 49.6s

#9 [6/6] WORKDIR /workspace
#9 DONE 0.0s

#10 exporting to image
#10 exporting layers
#10 exporting layers 6.6s done
#10 writing image sha256:850daaad6b2ac0d658cc836cee67c8070cc781556a9d2fc9a22ca8192fbf9091 done
#10 naming to docker.io/library/sglang:blackwell-final done
#10 DONE 6.6s
